0 info it worked if it ends with ok
1 verbose cli [ '/usr/local/bin/node',
1 verbose cli   '/usr/local/bin/npm',
1 verbose cli   'install',
1 verbose cli   '-g',
1 verbose cli   'ios-deploy' ]
2 info using npm@3.10.10
3 info using node@v6.9.4
4 silly loadCurrentTree Starting
5 silly install loadCurrentTree
6 silly install readGlobalPackageData
7 silly fetchPackageMetaData ios-deploy
8 silly fetchNamedPackageData ios-deploy
9 silly mapToRegistry name ios-deploy
10 silly mapToRegistry using default registry
11 silly mapToRegistry registry https://registry.npmjs.org/
12 silly mapToRegistry data Result {
12 silly mapToRegistry   raw: 'ios-deploy',
12 silly mapToRegistry   scope: null,
12 silly mapToRegistry   escapedName: 'ios-deploy',
12 silly mapToRegistry   name: 'ios-deploy',
12 silly mapToRegistry   rawSpec: '',
12 silly mapToRegistry   spec: 'latest',
12 silly mapToRegistry   type: 'tag' }
13 silly mapToRegistry uri https://registry.npmjs.org/ios-deploy
14 verbose request uri https://registry.npmjs.org/ios-deploy
15 verbose request no auth needed
16 info attempt registry request try #1 at 4:16:28 PM
17 verbose request id 9c9cb3aa6b756d31
18 http request GET https://registry.npmjs.org/ios-deploy
19 http 200 https://registry.npmjs.org/ios-deploy
20 verbose headers { server: 'nginx/1.10.1',
20 verbose headers   'content-type': 'application/json',
20 verbose headers   'last-modified': 'Sat, 04 Feb 2017 22:21:26 GMT',
20 verbose headers   etag: 'W/"589653e6-a556"',
20 verbose headers   'content-encoding': 'gzip',
20 verbose headers   'cache-control': 'max-age=300',
20 verbose headers   'content-length': '6437',
20 verbose headers   'accept-ranges': 'bytes',
20 verbose headers   date: 'Wed, 03 May 2017 21:16:28 GMT',
20 verbose headers   via: '1.1 varnish',
20 verbose headers   age: '57',
20 verbose headers   connection: 'keep-alive',
20 verbose headers   'x-served-by': 'cache-ord1727-ORD',
20 verbose headers   'x-cache': 'HIT',
20 verbose headers   'x-cache-hits': '1',
20 verbose headers   'x-timer': 'S1493846188.385796,VS0,VE1',
20 verbose headers   vary: 'Accept-Encoding' }
21 silly get cb [ 200,
21 silly get   { server: 'nginx/1.10.1',
21 silly get     'content-type': 'application/json',
21 silly get     'last-modified': 'Sat, 04 Feb 2017 22:21:26 GMT',
21 silly get     etag: 'W/"589653e6-a556"',
21 silly get     'content-encoding': 'gzip',
21 silly get     'cache-control': 'max-age=300',
21 silly get     'content-length': '6437',
21 silly get     'accept-ranges': 'bytes',
21 silly get     date: 'Wed, 03 May 2017 21:16:28 GMT',
21 silly get     via: '1.1 varnish',
21 silly get     age: '57',
21 silly get     connection: 'keep-alive',
21 silly get     'x-served-by': 'cache-ord1727-ORD',
21 silly get     'x-cache': 'HIT',
21 silly get     'x-cache-hits': '1',
21 silly get     'x-timer': 'S1493846188.385796,VS0,VE1',
21 silly get     vary: 'Accept-Encoding' } ]
22 verbose get saving ios-deploy to /Users/Connor/.npm/registry.npmjs.org/ios-deploy/.cache.json
23 verbose correctMkdir /Users/Connor/.npm correctMkdir not in flight; initializing
24 silly install normalizeTree
25 silly loadCurrentTree Finishing
26 silly loadIdealTree Starting
27 silly install loadIdealTree
28 silly cloneCurrentTree Starting
29 silly install cloneCurrentTreeToIdealTree
30 silly cloneCurrentTree Finishing
31 silly loadShrinkwrap Starting
32 silly install loadShrinkwrap
33 silly loadShrinkwrap Finishing
34 silly loadAllDepsIntoIdealTree Starting
35 silly install loadAllDepsIntoIdealTree
36 silly resolveWithNewModule ios-deploy@1.9.1 checking installable status
37 silly cache add args [ 'ios-deploy', null ]
38 verbose cache add spec ios-deploy
39 silly cache add parsed spec Result {
39 silly cache add   raw: 'ios-deploy',
39 silly cache add   scope: null,
39 silly cache add   escapedName: 'ios-deploy',
39 silly cache add   name: 'ios-deploy',
39 silly cache add   rawSpec: '',
39 silly cache add   spec: 'latest',
39 silly cache add   type: 'tag' }
40 silly addNamed ios-deploy@latest
41 verbose addNamed "latest" is being treated as a dist-tag for ios-deploy
42 info addNameTag [ 'ios-deploy', 'latest' ]
43 silly mapToRegistry name ios-deploy
44 silly mapToRegistry using default registry
45 silly mapToRegistry registry https://registry.npmjs.org/
46 silly mapToRegistry data Result {
46 silly mapToRegistry   raw: 'ios-deploy',
46 silly mapToRegistry   scope: null,
46 silly mapToRegistry   escapedName: 'ios-deploy',
46 silly mapToRegistry   name: 'ios-deploy',
46 silly mapToRegistry   rawSpec: '',
46 silly mapToRegistry   spec: 'latest',
46 silly mapToRegistry   type: 'tag' }
47 silly mapToRegistry uri https://registry.npmjs.org/ios-deploy
48 verbose addNameTag registry:https://registry.npmjs.org/ios-deploy not in flight; fetching
49 verbose get https://registry.npmjs.org/ios-deploy not expired, no request
50 silly addNameTag next cb for ios-deploy with tag latest
51 silly addNamed ios-deploy@1.9.1
52 verbose addNamed "1.9.1" is a plain semver version for ios-deploy
53 silly cache afterAdd ios-deploy@1.9.1
54 verbose afterAdd /Users/Connor/.npm/ios-deploy/1.9.1/package/package.json not in flight; writing
55 verbose correctMkdir /Users/Connor/.npm correctMkdir not in flight; initializing
56 verbose afterAdd /Users/Connor/.npm/ios-deploy/1.9.1/package/package.json written
57 silly loadAllDepsIntoIdealTree Finishing
58 silly loadIdealTree Finishing
59 silly currentTree lib
60 silly idealTree lib
60 silly idealTree └── ios-deploy@1.9.1
61 silly generateActionsToTake Starting
62 silly install generateActionsToTake
63 silly generateActionsToTake Finishing
64 silly diffTrees action count 1
65 silly diffTrees add ios-deploy@1.9.1
66 silly decomposeActions action count 8
67 silly decomposeActions fetch ios-deploy@1.9.1
68 silly decomposeActions extract ios-deploy@1.9.1
69 silly decomposeActions test ios-deploy@1.9.1
70 silly decomposeActions preinstall ios-deploy@1.9.1
71 silly decomposeActions build ios-deploy@1.9.1
72 silly decomposeActions install ios-deploy@1.9.1
73 silly decomposeActions postinstall ios-deploy@1.9.1
74 silly decomposeActions finalize ios-deploy@1.9.1
75 silly runTopLevelLifecycles Starting
76 silly executeActions Starting
77 silly install executeActions
78 silly doSerial global-install 0
79 silly doParallel fetch 1
80 verbose correctMkdir /Users/Connor/.npm/_locks correctMkdir not in flight; initializing
81 verbose lock using /Users/Connor/.npm/_locks/staging-3a08f0df5026584d.lock for /usr/local/lib/node_modules/.staging
82 silly doParallel extract 1
83 silly extract ios-deploy@1.9.1
84 verbose unbuild lib/node_modules/.staging/ios-deploy-298c9491
85 silly gentlyRm /usr/local/lib/node_modules/.staging/ios-deploy-298c9491 is being purged from base /usr/local
86 verbose gentlyRm don't care about contents; nuking /usr/local/lib/node_modules/.staging/ios-deploy-298c9491
87 verbose tar unpack /Users/Connor/.npm/ios-deploy/1.9.1/package.tgz
88 verbose tar unpacking to /usr/local/lib/node_modules/.staging/ios-deploy-298c9491
89 silly gentlyRm /usr/local/lib/node_modules/.staging/ios-deploy-298c9491 is being purged
90 verbose gentlyRm don't care about contents; nuking /usr/local/lib/node_modules/.staging/ios-deploy-298c9491
91 silly gunzTarPerm modes [ '755', '644' ]
92 silly gunzTarPerm extractEntry package.json
93 silly gunzTarPerm extractEntry .npmignore
94 silly gunzTarPerm extractEntry README.md
95 silly gunzTarPerm extractEntry LICENSE
96 silly gunzTarPerm extractEntry .travis.yml
97 silly gunzTarPerm extractEntry .github/CONTRIBUTING.md
98 silly gunzTarPerm extractEntry .github/ISSUE_TEMPLATE.md
99 silly gunzTarPerm extractEntry demo/.npmignore
100 silly gunzTarPerm extractEntry demo/Entitlements.plist
101 silly gunzTarPerm extractEntry demo/Info.plist
102 silly gunzTarPerm extractEntry demo/Makefile
103 silly gunzTarPerm extractEntry demo/ResourceRules.plist
104 silly gunzTarPerm extractEntry demo/demo.c
105 silly gunzTarPerm extractEntry ios-deploy.xcodeproj/project.pbxproj
106 silly gunzTarPerm extractEntry ios-deploy.xcodeproj/xcshareddata/xcschemes/ios-deploy-tests.xcscheme
107 silly gunzTarPerm extractEntry src/ios-deploy/MobileDevice.h
108 silly gunzTarPerm extractEntry src/ios-deploy/device_db.h
109 silly gunzTarPerm extractEntry src/ios-deploy/errors.h
110 silly gunzTarPerm extractEntry src/ios-deploy/ios-deploy.m
111 silly gunzTarPerm extractEntry src/ios-deploy/version.h
112 silly gunzTarPerm extractEntry src/ios-deploy-lib/libios_deploy.h
113 silly gunzTarPerm extractEntry src/ios-deploy-lib/libios_deploy.m
114 silly gunzTarPerm extractEntry src/ios-deploy-tests/Info.plist
115 silly gunzTarPerm extractEntry src/ios-deploy-tests/ios_deploy_tests.m
116 silly gunzTarPerm extractEntry src/scripts/check_reqs.js
117 silly gunzTarPerm extractEntry src/scripts/lldb.py
118 silly gentlyRm /usr/local/lib/node_modules/.staging/ios-deploy-298c9491/node_modules is being purged
119 verbose gentlyRm don't care about contents; nuking /usr/local/lib/node_modules/.staging/ios-deploy-298c9491/node_modules
120 silly doParallel preinstall 1
121 silly preinstall ios-deploy@1.9.1 /usr/local/lib/node_modules/.staging/ios-deploy-298c9491
122 info lifecycle ios-deploy@1.9.1~preinstall: ios-deploy@1.9.1
123 warn lifecycle ios-deploy@1.9.1~preinstall: cannot run in wd %s %s (wd=%s) ios-deploy@1.9.1 ./src/scripts/check_reqs.js && xcodebuild /usr/local/lib/node_modules/.staging/ios-deploy-298c9491
124 silly doReverseSerial remove 0
125 silly doSerial move 0
126 silly doSerial finalize 1
127 silly finalize /usr/local/lib/node_modules/ios-deploy
128 silly doSerial build 1
129 silly build ios-deploy@1.9.1
130 info linkStuff ios-deploy@1.9.1
131 silly linkStuff ios-deploy@1.9.1 has /usr/local/lib/node_modules as its parent node_modules
132 silly linkStuff ios-deploy@1.9.1 is part of a global install
133 silly linkStuff ios-deploy@1.9.1 is installed into a global node_modules
134 silly linkStuff ios-deploy@1.9.1 is installed into the top-level global node_modules
135 verbose linkBins ios-deploy@1.9.1
136 verbose link bins [ { 'ios-deploy': './build/Release/ios-deploy' },
136 verbose link bins   '/usr/local/bin',
136 verbose link bins   true ]
137 verbose linkMans ios-deploy@1.9.1
138 verbose unlock done using /Users/Connor/.npm/_locks/staging-3a08f0df5026584d.lock for /usr/local/lib/node_modules/.staging
139 silly rollbackFailedOptional Starting
140 silly rollbackFailedOptional Finishing
141 silly runTopLevelLifecycles Finishing
142 silly install printInstalled
143 verbose stack Error: ENOENT: no such file or directory, chmod '/usr/local/lib/node_modules/ios-deploy/build/Release/ios-deploy'
143 verbose stack     at Error (native)
144 verbose cwd /Users/Connor/Desktop/blitzr-connor-test
145 error Darwin 16.1.0
146 error argv "/usr/local/bin/node" "/usr/local/bin/npm" "install" "-g" "ios-deploy"
147 error node v6.9.4
148 error npm  v3.10.10
149 error path /usr/local/lib/node_modules/ios-deploy/build/Release/ios-deploy
150 error code ENOENT
151 error errno -2
152 error syscall chmod
153 error enoent ENOENT: no such file or directory, chmod '/usr/local/lib/node_modules/ios-deploy/build/Release/ios-deploy'
154 error enoent ENOENT: no such file or directory, chmod '/usr/local/lib/node_modules/ios-deploy/build/Release/ios-deploy'
154 error enoent This is most likely not a problem with npm itself
154 error enoent and is related to npm not being able to find a file.
155 verbose exit [ -2, true ]
